#
# There is insufficient memory for the Java Runtime Environment to continue.
# Native memory allocation (malloc) failed to allocate 32744 bytes. Error detail: ChunkPool::allocate
# Possible reasons:
#   The system is out of physical RAM or swap space
#   This process is running with CompressedOops enabled, and the Java Heap may be blocking the growth of the native heap
# Possible solutions:
#   Reduce memory load on the system
#   Increase physical memory or swap space
#   Check if swap backing store is full
#   Decrease Java heap size (-Xmx/-Xms)
#   Decrease number of Java threads
#   Decrease Java thread stack sizes (-Xss)
#   Set larger code cache with -XX:ReservedCodeCacheSize=
#   JVM is running with Unscaled Compressed Oops mode in which the Java heap is
#     placed in the first 4GB address space. The Java Heap base address is the
#     maximum limit for the native heap growth. Please use -XX:HeapBaseMinAddress
#     to set the Java Heap base and to place the Java Heap above 4GB virtual address.
# This output file may be truncated or incomplete.
#
#  Out of Memory Error (arena.cpp:79), pid=8960, tid=17752
#
# JRE version: OpenJDK Runtime Environment Microsoft-11369865 (17.0.15+6) (build 17.0.15+6-LTS)
# Java VM: OpenJDK 64-Bit Server VM Microsoft-11369865 (17.0.15+6-LTS, mixed mode, sharing, tiered, compressed oops, compressed class ptrs, g1 gc, windows-amd64)
# No core dump will be written. Minidumps are not enabled by default on client versions of Windows
#

---------------  S U M M A R Y ------------

Command Line: -Xmx64m -Xms64m -Dorg.gradle.appname=gradlew org.gradle.wrapper.GradleWrapperMain bundleRelease

Host: AMD Ryzen 5 5600GT with Radeon Graphics        , 12 cores, 31G,  Windows 11 , 64 bit Build 26100 (10.0.26100.3912)
Time: Fri Jun  6 19:24:14 2025 India Standard Time elapsed time: 117.856250 seconds (0d 0h 1m 57s)

---------------  T H R E A D  ---------------

Current thread (0x000001d97aff3a90):  JavaThread "C2 CompilerThread0" daemon [_thread_in_native, id=17752, stack(0x0000009233f00000,0x0000009234000000)]


Current CompileTask:
C2: 117856 1986       4       org.gradle.internal.logging.console.DefaultWorkInProgressFormatter::format (102 bytes)

Stack: [0x0000009233f00000,0x0000009234000000]
Native frames: (J=compiled Java code, j=interpreted, Vv=VM code, C=native code)
V  [jvm.dll+0x6887a9]
V  [jvm.dll+0x83f5a8]
V  [jvm.dll+0x841053]
V  [jvm.dll+0x8416c3]
V  [jvm.dll+0x2496ef]
V  [jvm.dll+0xad33c]
V  [jvm.dll+0xad7cc]
V  [jvm.dll+0x66691a]
V  [jvm.dll+0x7a354]
V  [jvm.dll+0x663eae]
V  [jvm.dll+0xa0a96]
V  [jvm.dll+0x79ba34]
V  [jvm.dll+0x6b00cb]
V  [jvm.dll+0x6a0401]
V  [jvm.dll+0x6991c3]
V  [jvm.dll+0x698a50]
V  [jvm.dll+0x696862]
V  [jvm.dll+0x1a858c]
V  [jvm.dll+0x1a912d]
V  [jvm.dll+0x2b0040]
V  [jvm.dll+0x6a132a]
V  [jvm.dll+0x6991c3]
V  [jvm.dll+0x698a50]
V  [jvm.dll+0x696862]
V  [jvm.dll+0x1a858c]
V  [jvm.dll+0x2b0040]
V  [jvm.dll+0x6a132a]
V  [jvm.dll+0x6991c3]
V  [jvm.dll+0x698a50]
V  [jvm.dll+0x696862]
V  [jvm.dll+0x1a858c]
V  [jvm.dll+0x1a912d]
V  [jvm.dll+0x2b0040]
V  [jvm.dll+0x6a132a]
V  [jvm.dll+0x6991c3]
V  [jvm.dll+0x698a50]
V  [jvm.dll+0x696862]
V  [jvm.dll+0x1a858c]
V  [jvm.dll+0x2198e8]
V  [jvm.dll+0x1a55f6]
V  [jvm.dll+0x22a39a]
V  [jvm.dll+0x2284db]
V  [jvm.dll+0x7f4e28]
V  [jvm.dll+0x7ef2dc]
V  [jvm.dll+0x687687]
C  [ucrtbase.dll+0x37b0]
C  [KERNEL32.DLL+0x2e8d7]
C  [ntdll.dll+0x9c5dc]


---------------  P R O C E S S  ---------------

Threads class SMR info:
_java_thread_list=0x000001d9463b1b60, length=13, elements={
0x000001d9611678d0, 0x000001d97afd0fe0, 0x000001d97afd3ec0, 0x000001d97afef010,
0x000001d97aff1cf0, 0x000001d97aff25c0, 0x000001d97aff2e90, 0x000001d97aff3a90,
0x000001d97b00a130, 0x000001d97b00aa40, 0x000001d9450a3f10, 0x000001d9450aac80,
0x000001d9459dd420
}

Java Threads: ( => current thread )
  0x000001d9611678d0 JavaThread "main" [_thread_in_native, id=5232, stack(0x0000009233200000,0x0000009233300000)]
  0x000001d97afd0fe0 JavaThread "Reference Handler" daemon [_thread_blocked, id=12808, stack(0x0000009233900000,0x0000009233a00000)]
  0x000001d97afd3ec0 JavaThread "Finalizer" daemon [_thread_blocked, id=8200, stack(0x0000009233a00000,0x0000009233b00000)]
  0x000001d97afef010 JavaThread "Signal Dispatcher" daemon [_thread_blocked, id=20500, stack(0x0000009233b00000,0x0000009233c00000)]
  0x000001d97aff1cf0 JavaThread "Attach Listener" daemon [_thread_blocked, id=18768, stack(0x0000009233c00000,0x0000009233d00000)]
  0x000001d97aff25c0 JavaThread "Service Thread" daemon [_thread_blocked, id=8388, stack(0x0000009233d00000,0x0000009233e00000)]
  0x000001d97aff2e90 JavaThread "Monitor Deflation Thread" daemon [_thread_blocked, id=16228, stack(0x0000009233e00000,0x0000009233f00000)]
=>0x000001d97aff3a90 JavaThread "C2 CompilerThread0" daemon [_thread_in_native, id=17752, stack(0x0000009233f00000,0x0000009234000000)]
  0x000001d97b00a130 JavaThread "C1 CompilerThread0" daemon [_thread_blocked, id=19316, stack(0x0000009234000000,0x0000009234100000)]
  0x000001d97b00aa40 JavaThread "Sweeper thread" daemon [_thread_blocked, id=17140, stack(0x0000009234100000,0x0000009234200000)]
  0x000001d9450a3f10 JavaThread "Notification Thread" daemon [_thread_blocked, id=14196, stack(0x0000009234200000,0x0000009234300000)]
  0x000001d9450aac80 JavaThread "Common-Cleaner" daemon [_thread_blocked, id=10824, stack(0x0000009234400000,0x0000009234500000)]
  0x000001d9459dd420 JavaThread "pool-1-thread-1" [_thread_blocked, id=20884, stack(0x0000009234a00000,0x0000009234b00000)]

Other Threads:
  0x000001d96121ebc0 VMThread "VM Thread" [stack: 0x0000009233800000,0x0000009233900000] [id=3168]
  0x000001d9450a6810 WatcherThread [stack: 0x0000009234300000,0x0000009234400000] [id=8356]
  0x000001d961188060 GCTaskThread "GC Thread#0" [stack: 0x0000009233300000,0x0000009233400000] [id=15972]
  0x000001d9456fba90 GCTaskThread "GC Thread#1" [stack: 0x0000009234700000,0x0000009234800000] [id=18748]
  0x000001d945463ef0 GCTaskThread "GC Thread#2" [stack: 0x0000009234800000,0x0000009234900000] [id=16280]
  0x000001d9456f2bb0 GCTaskThread "GC Thread#3" [stack: 0x0000009234900000,0x0000009234a00000] [id=16568]
  0x000001d9459a9d30 GCTaskThread "GC Thread#4" [stack: 0x0000009234c00000,0x0000009234d00000] [id=7612]
  0x000001d946586420 GCTaskThread "GC Thread#5" [stack: 0x0000009234d00000,0x0000009234e00000] [id=16260]
  0x000001d94639d850 GCTaskThread "GC Thread#6" [stack: 0x0000009234e00000,0x0000009234f00000] [id=20352]
  0x000001d9611896c0 ConcurrentGCThread "G1 Main Marker" [stack: 0x0000009233400000,0x0000009233500000] [id=17032]
  0x000001d96118acc0 ConcurrentGCThread "G1 Conc#0" [stack: 0x0000009233500000,0x0000009233600000] [id=16336]
  0x000001d9611f85e0 ConcurrentGCThread "G1 Refine#0" [stack: 0x0000009233600000,0x0000009233700000] [id=20488]
  0x000001d9611f8dc0 ConcurrentGCThread "G1 Service" [stack: 0x0000009233700000,0x0000009233800000] [id=5916]

Threads with active compile tasks:
C2 CompilerThread0   121919 1986       4       org.gradle.internal.logging.console.DefaultWorkInProgressFormatter::format (102 bytes)

VM state: not at safepoint (normal execution)

VM Mutex/Monitor currently owned by a thread: None

Heap address: 0x00000000fc000000, size: 64 MB, Compressed Oops mode: 32-bit

CDS archive(s) mapped at: [0x000001d900000000-0x000001d900bb0000-0x000001d900bb0000), size 12255232, SharedBaseAddress: 0x000001d900000000, ArchiveRelocationMode: 1.
Compressed class space mapped at: 0x000001d901000000-0x000001d941000000, reserved size: 1073741824
Narrow klass base: 0x000001d900000000, Narrow klass shift: 0, Narrow klass range: 0x100000000

GC Precious Log:
 CPUs: 12 total, 12 available
 Memory: 32635M
 Large Page Support: Disabled
 NUMA Support: Disabled
 Compressed Oops: Enabled (32-bit)
 Heap Region Size: 1M
 Heap Min Capacity: 64M
 Heap Initial Capacity: 64M
 Heap Max Capacity: 64M
 Pre-touch: Disabled
 Parallel Workers: 10
 Concurrent Workers: 3
 Concurrent Refinement Workers: 10
 Periodic GC: Disabled

Heap:
 garbage-first heap   total 65536K, used 18788K [0x00000000fc000000, 0x0000000100000000)
  region size 1024K, 13 young (13312K), 5 survivors (5120K)
 Metaspace       used 9552K, committed 9792K, reserved 1114112K
  class space    used 1258K, committed 1344K, reserved 1048576K

Heap Regions: E=young(eden), S=young(survivor), O=old, HS=humongous(starts), HC=humongous(continues), CS=collection set, F=free, OA=open archive, CA=closed archive, TAMS=top-at-mark-start (previous, next)
|   0|0x00000000fc000000, 0x00000000fc100000, 0x00000000fc100000|100%|HS|  |TAMS 0x00000000fc000000, 0x00000000fc000000| Complete 
|   1|0x00000000fc100000, 0x00000000fc200000, 0x00000000fc200000|100%|HC|  |TAMS 0x00000000fc100000, 0x00000000fc100000| Complete 
|   2|0x00000000fc200000, 0x00000000fc300000, 0x00000000fc300000|100%|HC|  |TAMS 0x00000000fc200000, 0x00000000fc200000| Complete 
|   3|0x00000000fc300000, 0x00000000fc400000, 0x00000000fc400000|100%| O|  |TAMS 0x00000000fc300000, 0x00000000fc300000| Untracked 
|   4|0x00000000fc400000, 0x00000000fc500000, 0x00000000fc500000|100%| O|  |TAMS 0x00000000fc400000, 0x00000000fc400000| Untracked 
|   5|0x00000000fc500000, 0x00000000fc600000, 0x00000000fc600000|100%| O|  |TAMS 0x00000000fc500000, 0x00000000fc500000| Untracked 
|   6|0x00000000fc600000, 0x00000000fc659200, 0x00000000fc700000| 34%| O|  |TAMS 0x00000000fc600000, 0x00000000fc600000| Untracked 
|   7|0x00000000fc700000, 0x00000000fc700000, 0x00000000fc800000|  0%| F|  |TAMS 0x00000000fc700000, 0x00000000fc700000| Untracked 
|   8|0x00000000fc800000, 0x00000000fc800000, 0x00000000fc900000|  0%| F|  |TAMS 0x00000000fc800000, 0x00000000fc800000| Untracked 
|   9|0x00000000fc900000, 0x00000000fc900000, 0x00000000fca00000|  0%| F|  |TAMS 0x00000000fc900000, 0x00000000fc900000| Untracked 
|  10|0x00000000fca00000, 0x00000000fca00000, 0x00000000fcb00000|  0%| F|  |TAMS 0x00000000fca00000, 0x00000000fca00000| Untracked 
|  11|0x00000000fcb00000, 0x00000000fcb00000, 0x00000000fcc00000|  0%| F|  |TAMS 0x00000000fcb00000, 0x00000000fcb00000| Untracked 
|  12|0x00000000fcc00000, 0x00000000fcc00000, 0x00000000fcd00000|  0%| F|  |TAMS 0x00000000fcc00000, 0x00000000fcc00000| Untracked 
|  13|0x00000000fcd00000, 0x00000000fcd00000, 0x00000000fce00000|  0%| F|  |TAMS 0x00000000fcd00000, 0x00000000fcd00000| Untracked 
|  14|0x00000000fce00000, 0x00000000fce00000, 0x00000000fcf00000|  0%| F|  |TAMS 0x00000000fce00000, 0x00000000fce00000| Untracked 
|  15|0x00000000fcf00000, 0x00000000fcf00000, 0x00000000fd000000|  0%| F|  |TAMS 0x00000000fcf00000, 0x00000000fcf00000| Untracked 
|  16|0x00000000fd000000, 0x00000000fd000000, 0x00000000fd100000|  0%| F|  |TAMS 0x00000000fd000000, 0x00000000fd000000| Untracked 
|  17|0x00000000fd100000, 0x00000000fd100000, 0x00000000fd200000|  0%| F|  |TAMS 0x00000000fd100000, 0x00000000fd100000| Untracked 
|  18|0x00000000fd200000, 0x00000000fd200000, 0x00000000fd300000|  0%| F|  |TAMS 0x00000000fd200000, 0x00000000fd200000| Untracked 
|  19|0x00000000fd300000, 0x00000000fd300000, 0x00000000fd400000|  0%| F|  |TAMS 0x00000000fd300000, 0x00000000fd300000| Untracked 
|  20|0x00000000fd400000, 0x00000000fd400000, 0x00000000fd500000|  0%| F|  |TAMS 0x00000000fd400000, 0x00000000fd400000| Untracked 
|  21|0x00000000fd500000, 0x00000000fd500000, 0x00000000fd600000|  0%| F|  |TAMS 0x00000000fd500000, 0x00000000fd500000| Untracked 
|  22|0x00000000fd600000, 0x00000000fd600000, 0x00000000fd700000|  0%| F|  |TAMS 0x00000000fd600000, 0x00000000fd600000| Untracked 
|  23|0x00000000fd700000, 0x00000000fd700000, 0x00000000fd800000|  0%| F|  |TAMS 0x00000000fd700000, 0x00000000fd700000| Untracked 
|  24|0x00000000fd800000, 0x00000000fd800000, 0x00000000fd900000|  0%| F|  |TAMS 0x00000000fd800000, 0x00000000fd800000| Untracked 
|  25|0x00000000fd900000, 0x00000000fd900000, 0x00000000fda00000|  0%| F|  |TAMS 0x00000000fd900000, 0x00000000fd900000| Untracked 
|  26|0x00000000fda00000, 0x00000000fdb00000, 0x00000000fdb00000|100%| S|CS|TAMS 0x00000000fda00000, 0x00000000fda00000| Complete 
|  27|0x00000000fdb00000, 0x00000000fdc00000, 0x00000000fdc00000|100%| S|CS|TAMS 0x00000000fdb00000, 0x00000000fdb00000| Complete 
|  28|0x00000000fdc00000, 0x00000000fdd00000, 0x00000000fdd00000|100%| S|CS|TAMS 0x00000000fdc00000, 0x00000000fdc00000| Complete 
|  29|0x00000000fdd00000, 0x00000000fde00000, 0x00000000fde00000|100%| S|CS|TAMS 0x00000000fdd00000, 0x00000000fdd00000| Complete 
|  30|0x00000000fde00000, 0x00000000fdf00000, 0x00000000fdf00000|100%| S|CS|TAMS 0x00000000fde00000, 0x00000000fde00000| Complete 
|  31|0x00000000fdf00000, 0x00000000fdf00000, 0x00000000fe000000|  0%| F|  |TAMS 0x00000000fdf00000, 0x00000000fdf00000| Untracked 
|  32|0x00000000fe000000, 0x00000000fe000000, 0x00000000fe100000|  0%| F|  |TAMS 0x00000000fe000000, 0x00000000fe000000| Untracked 
|  33|0x00000000fe100000, 0x00000000fe100000, 0x00000000fe200000|  0%| F|  |TAMS 0x00000000fe100000, 0x00000000fe100000| Untracked 
|  34|0x00000000fe200000, 0x00000000fe200000, 0x00000000fe300000|  0%| F|  |TAMS 0x00000000fe200000, 0x00000000fe200000| Untracked 
|  35|0x00000000fe300000, 0x00000000fe300000, 0x00000000fe400000|  0%| F|  |TAMS 0x00000000fe300000, 0x00000000fe300000| Untracked 
|  36|0x00000000fe400000, 0x00000000fe400000, 0x00000000fe500000|  0%| F|  |TAMS 0x00000000fe400000, 0x00000000fe400000| Untracked 
|  37|0x00000000fe500000, 0x00000000fe500000, 0x00000000fe600000|  0%| F|  |TAMS 0x00000000fe500000, 0x00000000fe500000| Untracked 
|  38|0x00000000fe600000, 0x00000000fe600000, 0x00000000fe700000|  0%| F|  |TAMS 0x00000000fe600000, 0x00000000fe600000| Untracked 
|  39|0x00000000fe700000, 0x00000000fe700000, 0x00000000fe800000|  0%| F|  |TAMS 0x00000000fe700000, 0x00000000fe700000| Untracked 
|  40|0x00000000fe800000, 0x00000000fe800000, 0x00000000fe900000|  0%| F|  |TAMS 0x00000000fe800000, 0x00000000fe800000| Untracked 
|  41|0x00000000fe900000, 0x00000000fe900000, 0x00000000fea00000|  0%| F|  |TAMS 0x00000000fe900000, 0x00000000fe900000| Untracked 
|  42|0x00000000fea00000, 0x00000000fea00000, 0x00000000feb00000|  0%| F|  |TAMS 0x00000000fea00000, 0x00000000fea00000| Untracked 
|  43|0x00000000feb00000, 0x00000000feb00000, 0x00000000fec00000|  0%| F|  |TAMS 0x00000000feb00000, 0x00000000feb00000| Untracked 
|  44|0x00000000fec00000, 0x00000000fec00000, 0x00000000fed00000|  0%| F|  |TAMS 0x00000000fec00000, 0x00000000fec00000| Untracked 
|  45|0x00000000fed00000, 0x00000000fed00000, 0x00000000fee00000|  0%| F|  |TAMS 0x00000000fed00000, 0x00000000fed00000| Untracked 
|  46|0x00000000fee00000, 0x00000000fee00000, 0x00000000fef00000|  0%| F|  |TAMS 0x00000000fee00000, 0x00000000fee00000| Untracked 
|  47|0x00000000fef00000, 0x00000000fef00000, 0x00000000ff000000|  0%| F|  |TAMS 0x00000000fef00000, 0x00000000fef00000| Untracked 
|  48|0x00000000ff000000, 0x00000000ff000000, 0x00000000ff100000|  0%| F|  |TAMS 0x00000000ff000000, 0x00000000ff000000| Untracked 
|  49|0x00000000ff100000, 0x00000000ff100000, 0x00000000ff200000|  0%| F|  |TAMS 0x00000000ff100000, 0x00000000ff100000| Untracked 
|  50|0x00000000ff200000, 0x00000000ff200000, 0x00000000ff300000|  0%| F|  |TAMS 0x00000000ff200000, 0x00000000ff200000| Untracked 
|  51|0x00000000ff300000, 0x00000000ff300000, 0x00000000ff400000|  0%| F|  |TAMS 0x00000000ff300000, 0x00000000ff300000| Untracked 
|  52|0x00000000ff400000, 0x00000000ff400000, 0x00000000ff500000|  0%| F|  |TAMS 0x00000000ff400000, 0x00000000ff400000| Untracked 
|  53|0x00000000ff500000, 0x00000000ff500000, 0x00000000ff600000|  0%| F|  |TAMS 0x00000000ff500000, 0x00000000ff500000| Untracked 
|  54|0x00000000ff600000, 0x00000000ff600000, 0x00000000ff700000|  0%| F|  |TAMS 0x00000000ff600000, 0x00000000ff600000| Untracked 
|  55|0x00000000ff700000, 0x00000000ff700000, 0x00000000ff800000|  0%| F|  |TAMS 0x00000000ff700000, 0x00000000ff700000| Untracked 
|  56|0x00000000ff800000, 0x00000000ff8b3c20, 0x00000000ff900000| 70%| E|  |TAMS 0x00000000ff800000, 0x00000000ff800000| Complete 
|  57|0x00000000ff900000, 0x00000000ffa00000, 0x00000000ffa00000|100%| E|CS|TAMS 0x00000000ff900000, 0x00000000ff900000| Complete 
|  58|0x00000000ffa00000, 0x00000000ffb00000, 0x00000000ffb00000|100%| E|CS|TAMS 0x00000000ffa00000, 0x00000000ffa00000| Complete 
|  59|0x00000000ffb00000, 0x00000000ffc00000, 0x00000000ffc00000|100%| E|CS|TAMS 0x00000000ffb00000, 0x00000000ffb00000| Complete 
|  60|0x00000000ffc00000, 0x00000000ffd00000, 0x00000000ffd00000|100%| E|CS|TAMS 0x00000000ffc00000, 0x00000000ffc00000| Complete 
|  61|0x00000000ffd00000, 0x00000000ffe00000, 0x00000000ffe00000|100%| E|CS|TAMS 0x00000000ffd00000, 0x00000000ffd00000| Complete 
|  62|0x00000000ffe00000, 0x00000000fff00000, 0x00000000fff00000|100%| E|CS|TAMS 0x00000000ffe00000, 0x00000000ffe00000| Complete 
|  63|0x00000000fff00000, 0x0000000100000000, 0x0000000100000000|100%| E|CS|TAMS 0x00000000fff00000, 0x00000000fff00000| Complete 

Card table byte_map: [0x000001d961080000,0x000001d9610a0000] _byte_map_base: 0x000001d9608a0000

Marking Bits (Prev, Next): (CMBitMap*) 0x000001d961188590, (CMBitMap*) 0x000001d9611885d0
 Prev Bits: [0x000001d978210000, 0x000001d978310000)
 Next Bits: [0x000001d978310000, 0x000001d978410000)

Polling page: 0x000001d9607c0000

Metaspace:

Usage:
  Non-class:      8.10 MB used.
      Class:      1.23 MB used.
       Both:      9.33 MB used.

Virtual space:
  Non-class space:       64.00 MB reserved,       8.25 MB ( 13%) committed,  1 nodes.
      Class space:        1.00 GB reserved,       1.31 MB ( <1%) committed,  1 nodes.
             Both:        1.06 GB reserved,       9.56 MB ( <1%) committed. 

Chunk freelists:
   Non-Class:  7.67 MB
       Class:  14.64 MB
        Both:  22.31 MB

MaxMetaspaceSize: unlimited
CompressedClassSpaceSize: 1.00 GB
Initial GC threshold: 21.00 MB
Current GC threshold: 21.00 MB
CDS: on
MetaspaceReclaimPolicy: balanced
 - commit_granule_bytes: 65536.
 - commit_granule_words: 8192.
 - virtual_space_node_default_size: 8388608.
 - enlarge_chunks_in_place: 1.
 - new_chunks_are_fully_committed: 0.
 - uncommit_free_chunks: 1.
 - use_allocation_guard: 0.
 - handle_deallocations: 1.


Internal statistics:

num_allocs_failed_limit: 0.
num_arena_births: 80.
num_arena_deaths: 0.
num_vsnodes_births: 2.
num_vsnodes_deaths: 0.
num_space_committed: 153.
num_space_uncommitted: 0.
num_chunks_returned_to_freelist: 0.
num_chunks_taken_from_freelist: 344.
num_chunk_merges: 0.
num_chunk_splits: 226.
num_chunks_enlarged: 185.
num_inconsistent_stats: 0.

CodeHeap 'non-profiled nmethods': size=120000Kb used=853Kb max_used=853Kb free=119146Kb
 bounds [0x000001d970780000, 0x000001d9709f0000, 0x000001d977cb0000]
CodeHeap 'profiled nmethods': size=120000Kb used=3617Kb max_used=3617Kb free=116382Kb
 bounds [0x000001d968cb0000, 0x000001d969040000, 0x000001d9701e0000]
CodeHeap 'non-nmethods': size=5760Kb used=1172Kb max_used=1193Kb free=4587Kb
 bounds [0x000001d9701e0000, 0x000001d970450000, 0x000001d970780000]
 total_blobs=2453 nmethods=1985 adapters=381
 compilation: enabled
              stopped_count=0, restarted_count=0
 full_count=0

Compilation events (20 events):
Event: 99.602 Thread 0x000001d97aff3a90 nmethod 1975 0x000001d970850b90 code [0x000001d970850d40, 0x000001d970851448]
Event: 100.859 Thread 0x000001d97aff3a90 1977       4       java.lang.Enum::compareTo (44 bytes)
Event: 100.859 Thread 0x000001d97aff3a90 nmethod 1977 0x000001d970851890 code [0x000001d970851a00, 0x000001d970851ad8]
Event: 100.999 Thread 0x000001d97b00a130 1978       3       org.gradle.internal.logging.console.DefaultAnsiExecutor::newLineWritten (51 bytes)
Event: 100.999 Thread 0x000001d97b00a130 nmethod 1978 0x000001d969037710 code [0x000001d9690378c0, 0x000001d969037ad8]
Event: 103.998 Thread 0x000001d97aff3a90 1979       4       java.lang.Thread::interrupted (23 bytes)
Event: 103.999 Thread 0x000001d97aff3a90 nmethod 1979 0x000001d970851b90 code [0x000001d970851d00, 0x000001d970851d78]
Event: 107.303 Thread 0x000001d97aff3a90 1980       4       org.fusesource.jansi.Ansi::flushAttributes (94 bytes)
Event: 107.346 Thread 0x000001d97aff3a90 nmethod 1980 0x000001d970851e90 code [0x000001d970852120, 0x000001d970853ef0]
Event: 109.792 Thread 0x000001d97b00a130 1981       3       com.google.common.collect.RegularImmutableList::<init> (10 bytes)
Event: 109.793 Thread 0x000001d97b00a130 nmethod 1981 0x000001d969037c10 code [0x000001d969037dc0, 0x000001d969038098]
Event: 109.793 Thread 0x000001d97b00a130 1982       3       com.google.common.collect.ImmutableList::<init> (5 bytes)
Event: 109.793 Thread 0x000001d97b00a130 nmethod 1982 0x000001d969038210 code [0x000001d9690383c0, 0x000001d9690385f8]
Event: 110.695 Thread 0x000001d97aff3a90 1983       4       java.util.ArrayDeque$DeqIterator::hasNext (13 bytes)
Event: 110.696 Thread 0x000001d97aff3a90 nmethod 1983 0x000001d970854e90 code [0x000001d970855000, 0x000001d970855098]
Event: 111.801 Thread 0x000001d97aff3a90 1984       4       java.io.OutputStream::flush (1 bytes)
Event: 111.801 Thread 0x000001d97aff3a90 nmethod 1984 0x000001d970855190 code [0x000001d970855300, 0x000001d970855378]
Event: 112.795 Thread 0x000001d97aff3a90 1985       4       java.util.concurrent.locks.AbstractQueuedSynchronizer::signalNext (34 bytes)
Event: 112.796 Thread 0x000001d97aff3a90 nmethod 1985 0x000001d970855490 code [0x000001d970855600, 0x000001d970855678]
Event: 112.796 Thread 0x000001d97aff3a90 1986       4       org.gradle.internal.logging.console.DefaultWorkInProgressFormatter::format (102 bytes)

GC Heap History (4 events):
Event: 0.248 GC heap before
{Heap before GC invocations=0 (full 0):
 garbage-first heap   total 65536K, used 22528K [0x00000000fc000000, 0x0000000100000000)
  region size 1024K, 23 young (23552K), 0 survivors (0K)
 Metaspace       used 1806K, committed 1920K, reserved 1114112K
  class space    used 162K, committed 192K, reserved 1048576K
}
Event: 0.250 GC heap after
{Heap after GC invocations=1 (full 0):
 garbage-first heap   total 65536K, used 2368K [0x00000000fc000000, 0x0000000100000000)
  region size 1024K, 3 young (3072K), 3 survivors (3072K)
 Metaspace       used 1806K, committed 1920K, reserved 1114112K
  class space    used 162K, committed 192K, reserved 1048576K
}
Event: 0.718 GC heap before
{Heap before GC invocations=1 (full 0):
 garbage-first heap   total 65536K, used 35136K [0x00000000fc000000, 0x0000000100000000)
  region size 1024K, 33 young (33792K), 3 survivors (3072K)
 Metaspace       used 8375K, committed 8576K, reserved 1114112K
  class space    used 1145K, committed 1216K, reserved 1048576K
}
Event: 0.724 GC heap after
{Heap after GC invocations=2 (full 0):
 garbage-first heap   total 65536K, used 11620K [0x00000000fc000000, 0x0000000100000000)
  region size 1024K, 5 young (5120K), 5 survivors (5120K)
 Metaspace       used 8375K, committed 8576K, reserved 1114112K
  class space    used 1145K, committed 1216K, reserved 1048576K
}

Dll operation events (13 events):
Event: 0.009 Loaded shared library C:\Program Files\Microsoft\jdk-17.0.15.6-hotspot\bin\java.dll
Event: 0.026 Loaded shared library C:\Program Files\Microsoft\jdk-17.0.15.6-hotspot\bin\jsvml.dll
Event: 0.047 Loaded shared library C:\Program Files\Microsoft\jdk-17.0.15.6-hotspot\bin\net.dll
Event: 0.049 Loaded shared library C:\Program Files\Microsoft\jdk-17.0.15.6-hotspot\bin\nio.dll
Event: 0.050 Loaded shared library C:\Program Files\Microsoft\jdk-17.0.15.6-hotspot\bin\zip.dll
Event: 0.053 Loaded shared library C:\Program Files\Microsoft\jdk-17.0.15.6-hotspot\bin\verify.dll
Event: 0.220 Loaded shared library C:\Program Files\Microsoft\jdk-17.0.15.6-hotspot\bin\jimage.dll
Event: 0.417 Loaded shared library C:\Program Files\Microsoft\jdk-17.0.15.6-hotspot\bin\management.dll
Event: 0.418 Loaded shared library C:\Program Files\Microsoft\jdk-17.0.15.6-hotspot\bin\management_ext.dll
Event: 0.451 Loaded shared library C:\Users\webas\.gradle\native\1def1411415f61bf3af743bc5b6707747c0891f09f0c88961ee8f79bc544acac\windows-amd64\native-platform.dll
Event: 0.476 Loaded shared library C:\Users\webas\.gradle\native\jansi\1.18\windows64\jansi.dll
Event: 0.593 Loaded shared library C:\Program Files\Microsoft\jdk-17.0.15.6-hotspot\bin\extnet.dll
Event: 0.736 Loaded shared library C:\Program Files\Microsoft\jdk-17.0.15.6-hotspot\bin\sunmscapi.dll

Deoptimization events (20 events):
Event: 2.806 Thread 0x000001d9459dd420 DEOPT PACKING pc=0x000001d9707bb0d4 sp=0x0000009234afe310
Event: 2.806 Thread 0x000001d9459dd420 DEOPT UNPACKING pc=0x000001d9702369a3 sp=0x0000009234afe2b0 mode 2
Event: 2.806 Thread 0x000001d9459dd420 Uncommon trap: trap_request=0xffffff45 fr.pc=0x000001d9707e6b18 relative=0x00000000000004d8
Event: 2.806 Thread 0x000001d9459dd420 Uncommon trap: reason=unstable_if action=reinterpret pc=0x000001d9707e6b18 method=java.lang.AbstractStringBuilder.putStringAt(ILjava/lang/String;II)V @ 8 c2
Event: 2.806 Thread 0x000001d9459dd420 DEOPT PACKING pc=0x000001d9707e6b18 sp=0x0000009234afe0b0
Event: 2.806 Thread 0x000001d9459dd420 DEOPT UNPACKING pc=0x000001d9702369a3 sp=0x0000009234afdf90 mode 2
Event: 2.806 Thread 0x000001d9459dd420 Uncommon trap: trap_request=0xffffff45 fr.pc=0x000001d97082086c relative=0x00000000000003cc
Event: 2.806 Thread 0x000001d9459dd420 Uncommon trap: reason=unstable_if action=reinterpret pc=0x000001d97082086c method=java.lang.AbstractStringBuilder.isLatin1()Z @ 10 c2
Event: 2.806 Thread 0x000001d9459dd420 DEOPT PACKING pc=0x000001d97082086c sp=0x0000009234afe4b0
Event: 2.806 Thread 0x000001d9459dd420 DEOPT UNPACKING pc=0x000001d9702369a3 sp=0x0000009234afe430 mode 2
Event: 2.806 Thread 0x000001d9459dd420 Uncommon trap: trap_request=0xffffff45 fr.pc=0x000001d97079e3fc relative=0x000000000000025c
Event: 2.806 Thread 0x000001d9459dd420 Uncommon trap: reason=unstable_if action=reinterpret pc=0x000001d97079e3fc method=java.lang.String.getChars(II[CI)V @ 23 c2
Event: 2.806 Thread 0x000001d9459dd420 DEOPT PACKING pc=0x000001d97079e3fc sp=0x0000009234afe360
Event: 2.806 Thread 0x000001d9459dd420 DEOPT UNPACKING pc=0x000001d9702369a3 sp=0x0000009234afe320 mode 2
Event: 57.879 Thread 0x000001d9611678d0 DEOPT PACKING pc=0x000001d968f326b5 sp=0x00000092332fcc40
Event: 57.879 Thread 0x000001d9611678d0 DEOPT UNPACKING pc=0x000001d970237143 sp=0x00000092332fc0d8 mode 0
Event: 78.109 Thread 0x000001d9459dd420 DEOPT PACKING pc=0x000001d968f859f7 sp=0x0000009234afde60
Event: 78.109 Thread 0x000001d9459dd420 DEOPT UNPACKING pc=0x000001d970237143 sp=0x0000009234afd2d0 mode 0
Event: 78.797 Thread 0x000001d9459dd420 DEOPT PACKING pc=0x000001d968f4fd64 sp=0x0000009234afe7a0
Event: 78.797 Thread 0x000001d9459dd420 DEOPT UNPACKING pc=0x000001d970237143 sp=0x0000009234afdc70 mode 0

Classes loaded (20 events):
Event: 1.513 Loading class jdk/internal/logger/LoggerFinderLoader
Event: 1.513 Loading class jdk/internal/logger/LoggerFinderLoader done
Event: 1.513 Loading class jdk/internal/logger/LoggerFinderLoader$TemporaryLoggerFinder
Event: 1.513 Loading class jdk/internal/logger/LoggerFinderLoader$TemporaryLoggerFinder done
Event: 1.514 Loading class sun/util/logging/internal/LoggingProviderImpl$JULWrapper
Event: 1.514 Loading class sun/util/logging/PlatformLogger$ConfigurableBridge$LoggerConfiguration
Event: 1.514 Loading class sun/util/logging/PlatformLogger$ConfigurableBridge$LoggerConfiguration done
Event: 1.514 Loading class sun/util/logging/internal/LoggingProviderImpl$JULWrapper done
Event: 1.514 Loading class java/io/ObjectInputFilter
Event: 1.514 Loading class java/io/ObjectInputFilter done
Event: 1.514 Loading class java/io/ObjectInputFilter$Config$BuiltinFilterFactory
Event: 1.514 Loading class java/io/ObjectInputFilter$Config$BuiltinFilterFactory done
Event: 1.514 Loading class jdk/internal/access/JavaObjectInputFilterAccess
Event: 1.514 Loading class jdk/internal/access/JavaObjectInputFilterAccess done
Event: 1.514 Loading class java/lang/System$Logger$Level
Event: 1.515 Loading class java/lang/System$Logger$Level done
Event: 1.515 Loading class java/io/Bits
Event: 1.515 Loading class java/io/Bits done
Event: 1.609 Loading class java/util/ArrayList$ListItr
Event: 1.609 Loading class java/util/ArrayList$ListItr done

Classes unloaded (0 events):
No events

Classes redefined (0 events):
No events

Internal exceptions (20 events):
Event: 0.415 Thread 0x000001d9611678d0 Exception <a 'java/lang/NoSuchMethodError'{0x00000000ff20e680}: 'java.lang.Object java.lang.invoke.DirectMethodHandle$Holder.invokeStaticInit(java.lang.Object)'> (0x00000000ff20e680) 
thrown [s\src\hotspot\share\interpreter\linkResolver.cpp, line 759]
Event: 0.422 Thread 0x000001d9611678d0 Exception <a 'java/lang/NoSuchMethodError'{0x00000000ff229370}: 'int java.lang.invoke.DirectMethodHandle$Holder.invokeSpecial(java.lang.Object, java.lang.Object, java.lang.Object)'> (0x00000000ff229370) 
thrown [s\src\hotspot\share\interpreter\linkResolver.cpp, line 759]
Event: 0.427 Thread 0x000001d9611678d0 Exception <a 'java/lang/NoSuchMethodError'{0x00000000ff265480}: 'void java.lang.invoke.DirectMethodHandle$Holder.invokeStatic(java.lang.Object, java.lang.Object)'> (0x00000000ff265480) 
thrown [s\src\hotspot\share\interpreter\linkResolver.cpp, line 759]
Event: 0.428 Thread 0x000001d9611678d0 Implicit null exception at 0x000001d9707edb8f to 0x000001d9707ee0d0
Event: 0.428 Thread 0x000001d9611678d0 Implicit null exception at 0x000001d9707cd10f to 0x000001d9707cd64c
Event: 0.428 Thread 0x000001d9611678d0 Implicit null exception at 0x000001d9707b2d8f to 0x000001d9707b2e09
Event: 0.439 Thread 0x000001d9611678d0 Exception <a 'java/lang/NoClassDefFoundError'{0x00000000ff2e48d8}: org/slf4j/impl/StaticMarkerBinder> (0x00000000ff2e48d8) 
thrown [s\src\hotspot\share\classfile\systemDictionary.cpp, line 245]
Event: 0.457 Thread 0x000001d9611678d0 Exception <a 'java/lang/NoSuchMethodError'{0x00000000ff010238}: 'java.lang.Object java.lang.invoke.Invokers$Holder.invoker(java.lang.Object, java.lang.Object, java.lang.Object)'> (0x00000000ff010238) 
thrown [s\src\hotspot\share\interpreter\linkResolver.cpp, line 759]
Event: 0.458 Thread 0x000001d9611678d0 Exception <a 'java/lang/NoSuchMethodError'{0x00000000ff019390}: 'java.lang.Object java.lang.invoke.DirectMethodHandle$Holder.invokeStatic(java.lang.Object, java.lang.Object, int)'> (0x00000000ff019390) 
thrown [s\src\hotspot\share\interpreter\linkResolver.cpp, line 759]
Event: 0.459 Thread 0x000001d9611678d0 Exception <a 'java/lang/NoSuchMethodError'{0x00000000ff025080}: 'void java.lang.invoke.DelegatingMethodHandle$Holder.delegate(java.lang.Object, java.lang.Object, int, java.lang.Object)'> (0x00000000ff025080) 
thrown [s\src\hotspot\share\interpreter\linkResolver.cpp, line 759]
Event: 0.461 Thread 0x000001d9611678d0 Exception <a 'java/lang/NoSuchMethodError'{0x00000000ff0386c8}: 'java.lang.Object java.lang.invoke.Invokers$Holder.invokeExact_MT(java.lang.Object, java.lang.Object, java.lang.Object, java.lang.Object)'> (0x00000000ff0386c8) 
thrown [s\src\hotspot\share\interpreter\linkResolver.cpp, line 759]
Event: 0.464 Thread 0x000001d9611678d0 Exception <a 'java/lang/NoSuchMethodError'{0x00000000ff05b7e8}: 'java.lang.Object java.lang.invoke.DirectMethodHandle$Holder.invokeVirtual(java.lang.Object, java.lang.Object, java.lang.Object)'> (0x00000000ff05b7e8) 
thrown [s\src\hotspot\share\interpreter\linkResolver.cpp, line 759]
Event: 0.520 Thread 0x000001d9611678d0 Exception <a 'java/lang/NoSuchMethodError'{0x00000000fec83850}: 'java.lang.Object java.lang.invoke.DirectMethodHandle$Holder.newInvokeSpecial(java.lang.Object, java.lang.Object, java.lang.Object, java.lang.Object, java.lang.Object)'> (0x00000000fec83850) 
thrown [s\src\hotspot\share\interpreter\linkResolver.cpp, line 759]
Event: 0.535 Thread 0x000001d9611678d0 Exception <a 'java/lang/NoSuchMethodError'{0x00000000feba7688}: 'void java.lang.invoke.DirectMethodHandle$Holder.invokeSpecial(java.lang.Object, java.lang.Object, java.lang.Object)'> (0x00000000feba7688) 
thrown [s\src\hotspot\share\interpreter\linkResolver.cpp, line 759]
Event: 0.594 Thread 0x000001d9611678d0 Exception <a 'java/lang/NoSuchMethodError'{0x00000000fe9bba60}: 'void java.lang.invoke.DirectMethodHandle$Holder.invokeStatic(java.lang.Object, java.lang.Object, java.lang.Object)'> (0x00000000fe9bba60) 
thrown [s\src\hotspot\share\interpreter\linkResolver.cpp, line 759]
Event: 0.623 Thread 0x000001d9611678d0 Exception <a 'java/lang/NoSuchMethodError'{0x00000000fe3ce5e0}: 'java.lang.Object java.lang.invoke.DirectMethodHandle$Holder.newInvokeSpecial(java.lang.Object, java.lang.Object, java.lang.Object, java.lang.Object, java.lang.Object, java.lang.Object, java.lang.Object, java.lang.Object, java.lang.Object, java.lang.Object, java.lang.Object, java.lang.Object, java.lang.Object, java.lang.Object, java.lang.Object, java.lang.Object, java.lang.Object, java.lang.Object, java.lang.Object, java.lang.Object, java.lang
Event: 0.624 Thread 0x000001d9611678d0 Exception <a 'java/lang/NoSuchMethodError'{0x00000000fe3dabe8}: 'java.lang.Object java.lang.invoke.Invokers$Holder.linkToTargetMethod(java.lang.Object, java.lang.Object, java.lang.Object, java.lang.Object, java.lang.Object, java.lang.Object, java.lang.Object, java.lang.Object, java.lang.Object, java.lang.Object, java.lang.Object, java.lang.Object, java.lang.Object, java.lang.Object, java.lang.Object, java.lang.Object, java.lang.Object, java.lang.Object, java.lang.Object, java.lang.Object, java.lang.Object,
Event: 0.651 Thread 0x000001d9611678d0 Exception <a 'java/lang/NoSuchMethodError'{0x00000000fe034658}: 'java.lang.Object java.lang.invoke.DirectMethodHandle$Holder.invokeStaticInit(java.lang.Object, int, int, int, int)'> (0x00000000fe034658) 
thrown [s\src\hotspot\share\interpreter\linkResolver.cpp, line 759]
Event: 0.685 Thread 0x000001d9611678d0 Exception <a 'java/lang/NoSuchMethodError'{0x00000000fe09dbc0}: 'java.lang.Object java.lang.invoke.DirectMethodHandle$Holder.invokeStaticInit(java.lang.Object, java.lang.Object, int, int, int, int)'> (0x00000000fe09dbc0) 
thrown [s\src\hotspot\share\interpreter\linkResolver.cpp, line 759]
Event: 0.698 Thread 0x000001d9611678d0 Implicit null exception at 0x000001d9707ca8f2 to 0x000001d9707caec0

VM Operations (20 events):
Event: 78.337 Executing VM operation: Cleanup
Event: 78.337 Executing VM operation: Cleanup done
Event: 80.349 Executing VM operation: Cleanup
Event: 80.349 Executing VM operation: Cleanup done
Event: 82.363 Executing VM operation: Cleanup
Event: 82.363 Executing VM operation: Cleanup done
Event: 83.377 Executing VM operation: Cleanup
Event: 83.377 Executing VM operation: Cleanup done
Event: 84.379 Executing VM operation: Cleanup
Event: 84.379 Executing VM operation: Cleanup done
Event: 85.393 Executing VM operation: Cleanup
Event: 85.393 Executing VM operation: Cleanup done
Event: 89.445 Executing VM operation: Cleanup
Event: 89.445 Executing VM operation: Cleanup done
Event: 95.492 Executing VM operation: Cleanup
Event: 95.492 Executing VM operation: Cleanup done
Event: 111.677 Executing VM operation: Cleanup
Event: 111.677 Executing VM operation: Cleanup done
Event: 112.687 Executing VM operation: Cleanup
Event: 112.687 Executing VM operation: Cleanup done

Memory protections (0 events):
No events

Nmethod flushes (0 events):
No events

Events (17 events):
Event: 0.026 Thread 0x000001d9611678d0 Thread added: 0x000001d9611678d0
Event: 0.028 Thread 0x000001d9611678d0 Thread added: 0x000001d97afd0fe0
Event: 0.028 Thread 0x000001d9611678d0 Thread added: 0x000001d97afd3ec0
Event: 0.035 Thread 0x000001d9611678d0 Thread added: 0x000001d97afef010
Event: 0.035 Thread 0x000001d9611678d0 Thread added: 0x000001d97aff1cf0
Event: 0.035 Thread 0x000001d9611678d0 Thread added: 0x000001d97aff25c0
Event: 0.035 Thread 0x000001d9611678d0 Thread added: 0x000001d97aff2e90
Event: 0.036 Thread 0x000001d9611678d0 Thread added: 0x000001d97aff3a90
Event: 0.036 Thread 0x000001d9611678d0 Thread added: 0x000001d97b00a130
Event: 0.036 Thread 0x000001d9611678d0 Thread added: 0x000001d97b00aa40
Event: 0.044 Thread 0x000001d9611678d0 Thread added: 0x000001d9450a3f10
Event: 0.046 Thread 0x000001d9611678d0 Thread added: 0x000001d9450aac80
Event: 0.146 Thread 0x000001d97b00a130 Thread added: 0x000001d945249210
Event: 0.217 Thread 0x000001d97b00a130 Thread added: 0x000001d945246db0
Event: 0.490 Thread 0x000001d9611678d0 Thread added: 0x000001d9459dd420
Event: 1.006 Thread 0x000001d945246db0 Thread exited: 0x000001d945246db0
Event: 1.006 Thread 0x000001d945249210 Thread exited: 0x000001d945249210


Dynamic libraries:
0x00007ff7dbfb0000 - 0x00007ff7dbfbe000 	C:\Program Files\Microsoft\jdk-17.0.15.6-hotspot\bin\java.exe
0x00007ffa26960000 - 0x00007ffa26bc6000 	C:\WINDOWS\SYSTEM32\ntdll.dll
0x00007ffa25770000 - 0x00007ffa25839000 	C:\WINDOWS\System32\KERNEL32.DLL
0x00007ffa23f70000 - 0x00007ffa2433c000 	C:\WINDOWS\System32\KERNELBASE.dll
0x00007ffa245d0000 - 0x00007ffa2471b000 	C:\WINDOWS\System32\ucrtbase.dll
0x00007ffa17050000 - 0x00007ffa17067000 	C:\Program Files\Microsoft\jdk-17.0.15.6-hotspot\bin\jli.dll
0x00007ffa14e50000 - 0x00007ffa14e6d000 	C:\Program Files\Microsoft\jdk-17.0.15.6-hotspot\bin\VCRUNTIME140.dll
0x00007ffa25b20000 - 0x00007ffa25cea000 	C:\WINDOWS\System32\USER32.dll
0x00007ffa23df0000 - 0x00007ffa23e17000 	C:\WINDOWS\System32\win32u.dll
0x00007ffa13880000 - 0x00007ffa13b1a000 	C:\WINDOWS\WinSxS\amd64_microsoft.windows.common-controls_6595b64144ccf1df_6.0.26100.3912_none_3e07963ce335137e\COMCTL32.dll
0x00007ffa24bb0000 - 0x00007ffa24bdb000 	C:\WINDOWS\System32\GDI32.dll
0x00007ffa25d00000 - 0x00007ffa25da9000 	C:\WINDOWS\System32\msvcrt.dll
0x00007ffa243d0000 - 0x00007ffa24502000 	C:\WINDOWS\System32\gdi32full.dll
0x00007ffa23ec0000 - 0x00007ffa23f63000 	C:\WINDOWS\System32\msvcp_win.dll
0x00007ffa26820000 - 0x00007ffa26850000 	C:\WINDOWS\System32\IMM32.DLL
0x00007ffa20a90000 - 0x00007ffa20a9c000 	C:\Program Files\Microsoft\jdk-17.0.15.6-hotspot\bin\vcruntime140_1.dll
0x00007ffa08410000 - 0x00007ffa0849d000 	C:\Program Files\Microsoft\jdk-17.0.15.6-hotspot\bin\msvcp140.dll
0x00007ff9a0490000 - 0x00007ff9a1102000 	C:\Program Files\Microsoft\jdk-17.0.15.6-hotspot\bin\server\jvm.dll
0x00007ffa25e40000 - 0x00007ffa25ef2000 	C:\WINDOWS\System32\ADVAPI32.dll
0x00007ffa26630000 - 0x00007ffa266d6000 	C:\WINDOWS\System32\sechost.dll
0x00007ffa25270000 - 0x00007ffa25386000 	C:\WINDOWS\System32\RPCRT4.dll
0x00007ffa255f0000 - 0x00007ffa25664000 	C:\WINDOWS\System32\WS2_32.dll
0x00007ffa22740000 - 0x00007ffa2279e000 	C:\WINDOWS\SYSTEM32\POWRPROF.dll
0x00007ffa19e00000 - 0x00007ffa19e36000 	C:\WINDOWS\SYSTEM32\WINMM.dll
0x00007ffa1db20000 - 0x00007ffa1db2b000 	C:\WINDOWS\SYSTEM32\VERSION.dll
0x00007ffa22720000 - 0x00007ffa22734000 	C:\WINDOWS\SYSTEM32\UMPDC.dll
0x00007ffa229d0000 - 0x00007ffa229ea000 	C:\WINDOWS\SYSTEM32\kernel.appcore.dll
0x00007ffa17cd0000 - 0x00007ffa17cda000 	C:\Program Files\Microsoft\jdk-17.0.15.6-hotspot\bin\jimage.dll
0x00007ff9fde80000 - 0x00007ff9fe0c1000 	C:\WINDOWS\SYSTEM32\DBGHELP.DLL
0x00007ffa24bf0000 - 0x00007ffa24f74000 	C:\WINDOWS\System32\combase.dll
0x00007ffa266e0000 - 0x00007ffa267c0000 	C:\WINDOWS\System32\OLEAUT32.dll
0x00007ffa0ae70000 - 0x00007ffa0aea9000 	C:\WINDOWS\SYSTEM32\dbgcore.DLL
0x00007ffa23e20000 - 0x00007ffa23eb9000 	C:\WINDOWS\System32\bcryptPrimitives.dll
0x00007ffa10df0000 - 0x00007ffa10e15000 	C:\Program Files\Microsoft\jdk-17.0.15.6-hotspot\bin\java.dll
0x00007ff9fe880000 - 0x00007ff9fe956000 	C:\Program Files\Microsoft\jdk-17.0.15.6-hotspot\bin\jsvml.dll
0x00007ffa25f00000 - 0x00007ffa2662d000 	C:\WINDOWS\System32\SHELL32.dll
0x00007ffa23af0000 - 0x00007ffa23c64000 	C:\WINDOWS\System32\wintypes.dll
0x00007ffa217a0000 - 0x00007ffa21ff6000 	C:\WINDOWS\SYSTEM32\windows.storage.dll
0x00007ffa25170000 - 0x00007ffa2525f000 	C:\WINDOWS\System32\SHCORE.dll
0x00007ffa25700000 - 0x00007ffa25769000 	C:\WINDOWS\System32\shlwapi.dll
0x00007ffa23a00000 - 0x00007ffa23a2f000 	C:\WINDOWS\SYSTEM32\profapi.dll
0x00007ffa104e0000 - 0x00007ffa104fa000 	C:\Program Files\Microsoft\jdk-17.0.15.6-hotspot\bin\net.dll
0x00007ffa1d2f0000 - 0x00007ffa1d40e000 	C:\WINDOWS\SYSTEM32\WINHTTP.dll
0x00007ffa22f40000 - 0x00007ffa22faa000 	C:\WINDOWS\system32\mswsock.dll
0x00007ffa104c0000 - 0x00007ffa104d6000 	C:\Program Files\Microsoft\jdk-17.0.15.6-hotspot\bin\nio.dll
0x00007ffa103d0000 - 0x00007ffa103e8000 	C:\Program Files\Microsoft\jdk-17.0.15.6-hotspot\bin\zip.dll
0x00007ffa17580000 - 0x00007ffa17590000 	C:\Program Files\Microsoft\jdk-17.0.15.6-hotspot\bin\verify.dll
0x00007ffa171e0000 - 0x00007ffa171ea000 	C:\Program Files\Microsoft\jdk-17.0.15.6-hotspot\bin\management.dll
0x00007ffa17190000 - 0x00007ffa1719b000 	C:\Program Files\Microsoft\jdk-17.0.15.6-hotspot\bin\management_ext.dll
0x00007ffa25db0000 - 0x00007ffa25db8000 	C:\WINDOWS\System32\PSAPI.DLL
0x00007ffa0feb0000 - 0x00007ffa0fed7000 	C:\Users\webas\.gradle\native\1def1411415f61bf3af743bc5b6707747c0891f09f0c88961ee8f79bc544acac\windows-amd64\native-platform.dll
0x00007ffa17f50000 - 0x00007ffa17f5a000 	C:\Users\webas\.gradle\native\jansi\1.18\windows64\jansi.dll
0x00007ffa22380000 - 0x00007ffa223b3000 	C:\WINDOWS\SYSTEM32\IPHLPAPI.DLL
0x00007ffa268f0000 - 0x00007ffa268fa000 	C:\WINDOWS\System32\NSI.dll
0x00007ffa1e0e0000 - 0x00007ffa1e0ff000 	C:\WINDOWS\SYSTEM32\dhcpcsvc6.DLL
0x00007ffa1db30000 - 0x00007ffa1db55000 	C:\WINDOWS\SYSTEM32\dhcpcsvc.DLL
0x00007ffa22470000 - 0x00007ffa22597000 	C:\WINDOWS\SYSTEM32\DNSAPI.dll
0x00007ffa14ff0000 - 0x00007ffa14ff9000 	C:\Program Files\Microsoft\jdk-17.0.15.6-hotspot\bin\extnet.dll
0x00007ffa231e0000 - 0x00007ffa231fc000 	C:\WINDOWS\SYSTEM32\CRYPTSP.dll
0x00007ffa22930000 - 0x00007ffa2296a000 	C:\WINDOWS\system32\rsaenh.dll
0x00007ffa22fe0000 - 0x00007ffa2300b000 	C:\WINDOWS\SYSTEM32\USERENV.dll
0x00007ffa239d0000 - 0x00007ffa239f6000 	C:\WINDOWS\SYSTEM32\bcrypt.dll
0x00007ffa23200000 - 0x00007ffa2320c000 	C:\WINDOWS\SYSTEM32\CRYPTBASE.dll
0x00007ffa10de0000 - 0x00007ffa10dee000 	C:\Program Files\Microsoft\jdk-17.0.15.6-hotspot\bin\sunmscapi.dll
0x00007ffa23c70000 - 0x00007ffa23de7000 	C:\WINDOWS\System32\CRYPT32.dll
0x00007ffa233f0000 - 0x00007ffa23420000 	C:\WINDOWS\SYSTEM32\ncrypt.dll
0x00007ffa233a0000 - 0x00007ffa233df000 	C:\WINDOWS\SYSTEM32\NTASN1.dll
0x00007ffa0b930000 - 0x00007ffa0b938000 	C:\WINDOWS\system32\wshunix.dll

dbghelp: loaded successfully - version: 4.0.5 - missing functions: none
symbol engine: initialized successfully - sym options: 0x614 - pdb path: .;C:\Program Files\Microsoft\jdk-17.0.15.6-hotspot\bin;C:\WINDOWS\SYSTEM32;C:\WINDOWS\WinSxS\amd64_microsoft.windows.common-controls_6595b64144ccf1df_6.0.26100.3912_none_3e07963ce335137e;C:\Program Files\Microsoft\jdk-17.0.15.6-hotspot\bin\server;C:\Users\webas\.gradle\native\1def1411415f61bf3af743bc5b6707747c0891f09f0c88961ee8f79bc544acac\windows-amd64;C:\Users\webas\.gradle\native\jansi\1.18\windows64

VM Arguments:
jvm_args: -Xmx64m -Xms64m -Dorg.gradle.appname=gradlew 
java_command: org.gradle.wrapper.GradleWrapperMain bundleRelease
java_class_path (initial): D:\FInal Testing 26-05\Gib_Unitee\Gib_Unite\android\\gradle\wrapper\gradle-wrapper.jar
Launcher Type: SUN_STANDARD

[Global flags]
     intx CICompilerCount                          = 4                                         {product} {ergonomic}
     uint ConcGCThreads                            = 3                                         {product} {ergonomic}
     uint G1ConcRefinementThreads                  = 10                                        {product} {ergonomic}
   size_t G1HeapRegionSize                         = 1048576                                   {product} {ergonomic}
    uintx GCDrainStackTargetSize                   = 64                                        {product} {ergonomic}
   size_t InitialHeapSize                          = 67108864                                  {product} {command line}
   size_t MarkStackSize                            = 4194304                                   {product} {ergonomic}
   size_t MaxHeapSize                              = 67108864                                  {product} {command line}
   size_t MaxNewSize                               = 39845888                                  {product} {ergonomic}
   size_t MinHeapDeltaBytes                        = 1048576                                   {product} {ergonomic}
   size_t MinHeapSize                              = 67108864                                  {product} {command line}
    uintx NonNMethodCodeHeapSize                   = 5839372                                {pd product} {ergonomic}
    uintx NonProfiledCodeHeapSize                  = 122909434                              {pd product} {ergonomic}
    uintx ProfiledCodeHeapSize                     = 122909434                              {pd product} {ergonomic}
    uintx ReservedCodeCacheSize                    = 251658240                              {pd product} {ergonomic}
     bool SegmentedCodeCache                       = true                                      {product} {ergonomic}
   size_t SoftMaxHeapSize                          = 67108864                               {manageable} {ergonomic}
     bool UseCompressedClassPointers               = true                           {product lp64_product} {ergonomic}
     bool UseCompressedOops                        = true                           {product lp64_product} {ergonomic}
     bool UseG1GC                                  = true                                      {product} {ergonomic}
     bool UseLargePagesIndividualAllocation        = false                                  {pd product} {ergonomic}

Logging:
Log output configuration:
 #0: stdout all=warning uptime,level,tags
 #1: stderr all=off uptime,level,tags

Environment Variables:
JAVA_HOME=C:\Program Files\Microsoft\jdk-17.0.15.6-hotspot\
CLASSPATH=D:\FInal Testing 26-05\Gib_Unitee\Gib_Unite\android\\gradle\wrapper\gradle-wrapper.jar
PATH=C:\Program Files\Microsoft\jdk-17.0.15.6-hotspot\bin;C:\WINDOWS\system32;C:\WINDOWS;C:\WINDOWS\System32\Wbem;C:\WINDOWS\System32\WindowsPowerShell\v1.0\;C:\WINDOWS\System32\OpenSSH\;C:\ProgramData\chocolatey\bin;C:\Program Files\nodejs\;C:\xampp\php;C:\ProgramData\ComposerSetup\bin;C:\Users\webas\AppData\Local\Microsoft\WindowsApps;C:\Users\webas\AppData\Roaming\npm;C:\Users\webas\AppData\Local\Android\Sdk\platform-tools;C:\Users\webas\AppData\Local\Programs\Microsoft VS Code\bin;C:\Users\webas\AppData\Roaming\Composer\vendor\bin
USERNAME=webas
LANG=en_US.UTF-8
OS=Windows_NT
PROCESSOR_IDENTIFIER=AMD64 Family 25 Model 80 Stepping 0, AuthenticAMD
TMP=C:\Users\webas\AppData\Local\Temp
TEMP=C:\Users\webas\AppData\Local\Temp



Periodic native trim disabled


---------------  S Y S T E M  ---------------

OS:
 Windows 11 , 64 bit Build 26100 (10.0.26100.3912)
OS uptime: 1 days 9:18 hours

CPU: total 12 (initial active 12) (12 cores per cpu, 2 threads per core) family 25 model 80 stepping 0 microcode 0xa50000f, cx8, cmov, fxsr, ht, mmx, 3dnowpref, sse, sse2, sse3, ssse3, sse4a, sse4.1, sse4.2, popcnt, lzcnt, tsc, tscinvbit, avx, avx2, aes, erms, clmul, bmi1, bmi2, adx, sha, fma, vzeroupper, clflush, clflushopt
Processor Information for the first 12 processors :
  Max Mhz: 3600, Current Mhz: 3600, Mhz Limit: 3600

Memory: 4k page, system-wide physical 32635M (1892M free)
TotalPageFile size 58138M (AvailPageFile size 0M)
current process WorkingSet (physical memory assigned to process): 106M, peak: 115M
current process commit charge ("private bytes"): 169M, peak: 179M

vm_info: OpenJDK 64-Bit Server VM (17.0.15+6-LTS) for windows-amd64 JRE (17.0.15+6-LTS), built on Apr  9 2025 22:27:25 by "MicrosoftCorporation" with unknown MS VC++:1939

END.
